[2025-05-23T14:39:32.328Z] Job started: importSOWs
[2025-05-23T14:39:33.342Z] Job started: importSOWs
[2025-05-23T14:39:34.942Z] Skipping duplicate: sample2.pdf
[2025-05-23T14:39:34.946Z] Skipping duplicate: Ethiciti - Statement of Work_FB_Website.pdf
[2025-05-23T14:39:34.948Z] Skipping duplicate: sample.pdf
[2025-05-23T14:39:34.952Z] Skipping duplicate: Shareable_Employ-Harbinger Fixed Price SOW for Workato implementation.pdf
[2025-05-23T14:39:34.960Z] Done importing SOW PDF data into database
[2025-05-23T14:39:43.784Z] Job started: importSOWs
[2025-05-23T14:39:45.238Z] Skipping duplicate: sample2.pdf
[2025-05-23T14:39:45.259Z] Skipping duplicate: Ethiciti - Statement of Work_FB_Website.pdf
[2025-05-23T14:39:45.263Z] Skipping duplicate: sample.pdf
[2025-05-23T14:39:45.269Z] Skipping duplicate: Shareable_Employ-Harbinger Fixed Price SOW for Workato implementation.pdf
[2025-05-23T14:39:45.282Z] Done importing SOW PDF data into database
[2025-05-23T14:43:37.373Z] Job started: importSOWs
[2025-05-23T14:43:38.803Z] Skipping duplicate: sample2.pdf
[2025-05-23T14:43:38.806Z] Skipping duplicate: Ethiciti - Statement of Work_FB_Website.pdf
[2025-05-23T14:43:38.810Z] Skipping duplicate: sample.pdf
[2025-05-23T14:43:38.812Z] Skipping duplicate: Shareable_Employ-Harbinger Fixed Price SOW for Workato implementation.pdf
[2025-05-23T14:43:38.840Z] Done importing SOW PDF data into database
[2025-05-25T17:18:56.007Z] Job started: importSOWs
[2025-05-25T17:18:57.815Z] Skipping duplicate: sample2.pdf
[2025-05-25T17:18:57.818Z] Skipping duplicate: Ethiciti - Statement of Work_FB_Website.pdf
[2025-05-25T17:18:57.822Z] Skipping duplicate: sample.pdf
[2025-05-25T17:18:57.825Z] Skipping duplicate: Shareable_Employ-Harbinger Fixed Price SOW for Workato implementation.pdf
[2025-05-25T17:18:57.840Z] Done importing SOW PDF data into database
[2025-05-26T05:43:27.199Z] Job started: importSOWs
[2025-05-26T05:43:29.263Z] Skipping duplicate: sample2.pdf
[2025-05-26T05:43:29.265Z] Skipping duplicate: Ethiciti - Statement of Work_FB_Website.pdf
[2025-05-26T05:43:29.268Z] Skipping duplicate: sample.pdf
[2025-05-26T05:43:29.270Z] Skipping duplicate: Shareable_Employ-Harbinger Fixed Price SOW for Workato implementation.pdf
[2025-05-26T05:43:29.286Z] Done importing SOW PDF data into database
[2025-05-26T09:02:13.115Z] Job started: importSOWs
[2025-05-26T09:02:14.920Z] Skipping duplicate: sample2.pdf
[2025-05-26T09:02:14.924Z] Skipping duplicate: Ethiciti - Statement of Work_FB_Website.pdf
[2025-05-26T09:02:14.928Z] Skipping duplicate: sample.pdf
[2025-05-26T09:02:14.930Z] Skipping duplicate: Shareable_Employ-Harbinger Fixed Price SOW for Workato implementation.pdf
[2025-05-26T09:02:14.944Z] Done importing SOW PDF data into database
[2025-05-26T09:02:45.511Z] Job started: importSOWs
[2025-05-26T09:02:48.234Z] Inserted: sample2.pdf
[2025-05-26T09:02:48.567Z] Inserted: Ethiciti - Statement of Work_FB_Website.pdf
[2025-05-26T09:02:49.349Z] Inserted: sample.pdf
[2025-05-26T09:02:49.352Z] Skipping duplicate: Shareable_Employ-Harbinger Fixed Price SOW for Workato implementation.pdf
[2025-05-26T09:02:49.360Z] Done importing SOW PDF data into database
[2025-05-26T09:07:35.892Z] Job started: importSOWs
[2025-05-26T09:07:44.209Z] Skipping duplicate: sample2.pdf
[2025-05-26T09:07:44.213Z] Skipping duplicate: Ethiciti - Statement of Work_FB_Website.pdf
[2025-05-26T09:07:44.218Z] Skipping duplicate: sample.pdf
[2025-05-26T09:07:44.222Z] Skipping duplicate: Shareable_Employ-Harbinger Fixed Price SOW for Workato implementation.pdf
[2025-05-26T09:07:44.249Z] Done importing SOW PDF data into database
[2025-05-26T09:21:36.148Z] Job started: importSOWs
[2025-05-26T09:21:38.110Z] Skipping duplicate: sample2.pdf
[2025-05-26T09:21:38.112Z] Skipping duplicate: Ethiciti - Statement of Work_FB_Website.pdf
[2025-05-26T09:21:38.116Z] Skipping duplicate: sample.pdf
[2025-05-26T09:21:38.120Z] Skipping duplicate: Shareable_Employ-Harbinger Fixed Price SOW for Workato implementation.pdf
[2025-05-26T09:21:38.134Z] Done importing SOW PDF data into database
[2025-05-26T15:04:34.836Z] Job started: importSOWs
[2025-05-26T15:04:37.006Z] Skipping duplicate: sample2.pdf
[2025-05-26T15:04:37.009Z] Skipping duplicate: Ethiciti - Statement of Work_FB_Website.pdf
[2025-05-26T15:04:37.011Z] Skipping duplicate: sample.pdf
[2025-05-26T15:04:37.013Z] Skipping duplicate: Shareable_Employ-Harbinger Fixed Price SOW for Workato implementation.pdf
[2025-05-26T15:04:37.027Z] Done importing SOW PDF data into database
[2025-05-26T15:48:49.861Z] Job started: importSOWs
[2025-05-26T15:48:51.069Z] Job started: importSOWs
[2025-05-26T15:48:51.908Z] Job started: importSOWs
[2025-05-26T15:48:54.035Z] Skipping duplicate: sample2.pdf
[2025-05-26T15:48:54.038Z] Skipping duplicate: Ethiciti - Statement of Work_FB_Website.pdf
[2025-05-26T15:48:54.041Z] Skipping duplicate: sample.pdf
[2025-05-26T15:48:54.045Z] Skipping duplicate: Shareable_Employ-Harbinger Fixed Price SOW for Workato implementation.pdf
[2025-05-26T15:48:54.058Z] Done importing SOW PDF data into database
[2025-05-26T15:49:22.391Z] Job started: importSOWs
[2025-05-26T15:49:24.371Z] Skipping duplicate: sample2.pdf
[2025-05-26T15:49:24.374Z] Skipping duplicate: Ethiciti - Statement of Work_FB_Website.pdf
[2025-05-26T15:49:24.376Z] Skipping duplicate: sample.pdf
[2025-05-26T15:49:24.379Z] Skipping duplicate: Shareable_Employ-Harbinger Fixed Price SOW for Workato implementation.pdf
[2025-05-26T15:49:24.404Z] Done importing SOW PDF data into database
[2025-05-26T15:49:26.816Z] Job started: importSOWs
[2025-05-26T15:49:28.295Z] Skipping duplicate: sample2.pdf
[2025-05-26T15:49:28.299Z] Skipping duplicate: Ethiciti - Statement of Work_FB_Website.pdf
[2025-05-26T15:49:28.302Z] Skipping duplicate: sample.pdf
[2025-05-26T15:49:28.305Z] Skipping duplicate: Shareable_Employ-Harbinger Fixed Price SOW for Workato implementation.pdf
[2025-05-26T15:49:28.318Z] Done importing SOW PDF data into database
[2025-05-26T15:51:56.158Z] Job started: importSOWs
[2025-05-26T15:51:57.057Z] Job started: importSOWs
[2025-05-26T15:51:59.015Z] Job started: importSOWs
[2025-05-26T15:52:00.007Z] Job started: importSOWs
[2025-05-26T15:52:01.491Z] Skipping duplicate: sample2.pdf
[2025-05-26T15:52:01.495Z] Skipping duplicate: Ethiciti - Statement of Work_FB_Website.pdf
[2025-05-26T15:52:01.499Z] Skipping duplicate: sample.pdf
[2025-05-26T15:52:01.506Z] Skipping duplicate: Shareable_Employ-Harbinger Fixed Price SOW for Workato implementation.pdf
[2025-05-26T15:52:01.533Z] Done importing SOW PDF data into database
[2025-05-26T15:52:16.181Z] Job started: importSOWs
[2025-05-26T15:52:17.369Z] Job started: importSOWs
[2025-05-26T15:52:18.799Z] Skipping duplicate: sample2.pdf
[2025-05-26T15:52:18.802Z] Skipping duplicate: Ethiciti - Statement of Work_FB_Website.pdf
[2025-05-26T15:52:18.805Z] Skipping duplicate: sample.pdf
[2025-05-26T15:52:18.810Z] Skipping duplicate: Shareable_Employ-Harbinger Fixed Price SOW for Workato implementation.pdf
[2025-05-26T15:52:18.832Z] Done importing SOW PDF data into database
[2025-05-26T15:52:32.669Z] Job started: importSOWs
[2025-05-26T15:52:33.412Z] Job started: importSOWs
[2025-05-26T15:52:35.059Z] Skipping duplicate: sample2.pdf
[2025-05-26T15:52:35.063Z] Skipping duplicate: Ethiciti - Statement of Work_FB_Website.pdf
[2025-05-26T15:52:35.066Z] Skipping duplicate: sample.pdf
[2025-05-26T15:52:35.070Z] Skipping duplicate: Shareable_Employ-Harbinger Fixed Price SOW for Workato implementation.pdf
[2025-05-26T15:52:35.094Z] Done importing SOW PDF data into database
[2025-05-26T15:52:38.822Z] Job started: importSOWs
[2025-05-26T15:52:41.464Z] Job started: importSOWs
[2025-05-26T15:52:42.850Z] Skipping duplicate: sample2.pdf
[2025-05-26T15:52:42.853Z] Skipping duplicate: Ethiciti - Statement of Work_FB_Website.pdf
[2025-05-26T15:52:42.855Z] Skipping duplicate: sample.pdf
[2025-05-26T15:52:42.857Z] Skipping duplicate: Shareable_Employ-Harbinger Fixed Price SOW for Workato implementation.pdf
[2025-05-26T15:52:42.881Z] Done importing SOW PDF data into database
[2025-05-26T15:52:44.172Z] Job started: importSOWs
[2025-05-26T15:52:45.396Z] Skipping duplicate: sample2.pdf
[2025-05-26T15:52:45.399Z] Skipping duplicate: Ethiciti - Statement of Work_FB_Website.pdf
[2025-05-26T15:52:45.402Z] Skipping duplicate: sample.pdf
[2025-05-26T15:52:45.405Z] Skipping duplicate: Shareable_Employ-Harbinger Fixed Price SOW for Workato implementation.pdf
[2025-05-26T15:52:45.428Z] Done importing SOW PDF data into database
[2025-05-26T15:52:55.685Z] Job started: importSOWs
[2025-05-26T15:52:57.096Z] Skipping duplicate: sample2.pdf
[2025-05-26T15:52:57.099Z] Skipping duplicate: Ethiciti - Statement of Work_FB_Website.pdf
[2025-05-26T15:52:57.103Z] Skipping duplicate: sample.pdf
[2025-05-26T15:52:57.107Z] Skipping duplicate: Shareable_Employ-Harbinger Fixed Price SOW for Workato implementation.pdf
[2025-05-26T15:52:57.136Z] Done importing SOW PDF data into database
[2025-05-26T15:52:58.130Z] Job started: importSOWs
[2025-05-26T15:52:59.640Z] Job started: importSOWs
[2025-05-26T15:53:01.495Z] Skipping duplicate: sample2.pdf
[2025-05-26T15:53:01.498Z] Skipping duplicate: Ethiciti - Statement of Work_FB_Website.pdf
[2025-05-26T15:53:01.501Z] Skipping duplicate: sample.pdf
[2025-05-26T15:53:01.504Z] Skipping duplicate: Shareable_Employ-Harbinger Fixed Price SOW for Workato implementation.pdf
[2025-05-26T15:53:01.528Z] Done importing SOW PDF data into database
[2025-05-26T15:53:05.409Z] Job started: importSOWs
[2025-05-26T15:53:07.393Z] Skipping duplicate: sample2.pdf
[2025-05-26T15:53:07.397Z] Skipping duplicate: Ethiciti - Statement of Work_FB_Website.pdf
[2025-05-26T15:53:07.401Z] Skipping duplicate: sample.pdf
[2025-05-26T15:53:07.406Z] Skipping duplicate: Shareable_Employ-Harbinger Fixed Price SOW for Workato implementation.pdf
[2025-05-26T15:53:07.433Z] Done importing SOW PDF data into database
[2025-05-26T16:03:11.957Z] Job started: importSOWs
[2025-05-26T16:03:13.331Z] Skipping duplicate: sample2.pdf
[2025-05-26T16:03:13.335Z] Skipping duplicate: Ethiciti - Statement of Work_FB_Website.pdf
[2025-05-26T16:03:13.340Z] Skipping duplicate: sample.pdf
[2025-05-26T16:03:13.344Z] Skipping duplicate: Shareable_Employ-Harbinger Fixed Price SOW for Workato implementation.pdf
[2025-05-26T16:03:13.360Z] Done importing SOW PDF data into database
[2025-05-26T16:03:21.855Z] Job started: importSOWs
[2025-05-26T16:03:23.796Z] Skipping duplicate: sample2.pdf
[2025-05-26T16:03:23.799Z] Skipping duplicate: Ethiciti - Statement of Work_FB_Website.pdf
[2025-05-26T16:03:23.802Z] Skipping duplicate: sample.pdf
[2025-05-26T16:03:23.806Z] Skipping duplicate: Shareable_Employ-Harbinger Fixed Price SOW for Workato implementation.pdf
[2025-05-26T16:03:23.834Z] Done importing SOW PDF data into database
